INFO: 2024/11/24 15:26:10 server.go:136: Primary server started on port 50051
INFO: 2024/11/24 15:26:11 serverReplica.go:217: Replica server started on port 50052
INFO: 2024/11/24 15:26:22 node.go:216: BALANCE: 5056, NodeID: A
INFO: 2024/11/24 15:26:22 server.go:70: Primary server started on port 50051
INFO: 2024/11/24 15:26:22 node.go:245: Placing bid: 69, NodeID: A
INFO: 2024/11/24 15:26:34 node.go:216: BALANCE: 3130, NodeID: B
INFO: 2024/11/24 15:26:34 server.go:70: Primary server started on port 50051
INFO: 2024/11/24 15:26:34 node.go:245: Placing bid: 143, NodeID: B
INFO: 2024/11/24 15:26:34 node.go:245: Placing bid: 158, NodeID: A
INFO: 2024/11/24 15:26:38 node.go:245: Placing bid: 176, NodeID: B
INFO: 2024/11/24 15:26:38 node.go:245: Placing bid: 199, NodeID: A
INFO: 2024/11/24 15:26:40 serverReplica.go:41: Primary not responding.
INFO: 2024/11/24 15:26:40 serverReplica.go:47: Retrying... (1/3)
INFO: 2024/11/24 15:26:42 serverReplica.go:41: Primary not responding.
INFO: 2024/11/24 15:26:42 serverReplica.go:47: Retrying... (2/3)
INFO: 2024/11/24 15:26:42 node.go:170: Primary server is unavailable, attempting to connect to the replica server...
INFO: 2024/11/24 15:26:42 node.go:170: Primary server is unavailable, attempting to connect to the replica server...
INFO: 2024/11/24 15:26:44 serverReplica.go:41: Primary not responding.
INFO: 2024/11/24 15:26:44 serverReplica.go:47: Retrying... (3/3)
INFO: 2024/11/24 15:26:46 serverReplica.go:41: Primary not responding.
INFO: 2024/11/24 15:26:46 serverReplica.go:55: Initiating leader election...
INFO: 2024/11/24 15:26:46 serverReplica.go:119: Replica is taking over as the new leader...
INFO: 2024/11/24 15:26:54 node.go:245: Placing bid: 290, NodeID: B
INFO: 2024/11/24 15:26:54 node.go:245: Placing bid: 380, NodeID: A
INFO: 2024/11/24 15:26:58 node.go:245: Placing bid: 394, NodeID: B
INFO: 2024/11/24 15:26:58 node.go:245: Placing bid: 406, NodeID: A
INFO: 2024/11/24 15:27:02 node.go:245: Placing bid: 466, NodeID: B
INFO: 2024/11/24 15:27:02 node.go:245: Placing bid: 505, NodeID: A
INFO: 2024/11/24 15:27:06 node.go:245: Placing bid: 534, NodeID: B
INFO: 2024/11/24 15:27:06 node.go:245: Placing bid: 619, NodeID: A
INFO: 2024/11/24 15:27:10 node.go:245: Placing bid: 664, NodeID: B
INFO: 2024/11/24 15:27:10 node.go:245: Placing bid: 711, NodeID: A
INFO: 2024/11/24 15:27:14 node.go:245: Placing bid: 779, NodeID: B
INFO: 2024/11/24 15:27:14 node.go:245: Placing bid: 785, NodeID: A
INFO: 2024/11/24 15:27:18 node.go:245: Placing bid: 858, NodeID: B
INFO: 2024/11/24 15:27:18 node.go:245: Placing bid: 888, NodeID: A
INFO: 2024/11/24 15:27:22 node.go:245: Placing bid: 973, NodeID: B
INFO: 2024/11/24 15:27:22 node.go:245: Placing bid: 1035, NodeID: A
INFO: 2024/11/24 15:27:26 node.go:245: Placing bid: 1117, NodeID: B
INFO: 2024/11/24 15:27:26 node.go:245: Placing bid: 1207, NodeID: A
INFO: 2024/11/24 15:27:30 node.go:245: Placing bid: 1290, NodeID: B
INFO: 2024/11/24 15:27:30 node.go:245: Placing bid: 1335, NodeID: A
INFO: 2024/11/24 15:27:34 node.go:245: Placing bid: 1400, NodeID: B
INFO: 2024/11/24 15:27:34 node.go:245: Placing bid: 1450, NodeID: A
INFO: 2024/11/24 15:27:38 node.go:245: Placing bid: 1453, NodeID: B
INFO: 2024/11/24 15:27:38 node.go:245: Placing bid: 1506, NodeID: A
INFO: 2024/11/24 15:27:42 node.go:245: Placing bid: 1569, NodeID: B
INFO: 2024/11/24 15:27:42 node.go:245: Placing bid: 1669, NodeID: A
INFO: 2024/11/24 15:27:46 node.go:245: Placing bid: 1707, NodeID: B
INFO: 2024/11/24 15:27:46 node.go:245: Placing bid: 1723, NodeID: A
INFO: 2024/11/24 15:27:50 node.go:245: Placing bid: 1775, NodeID: B
INFO: 2024/11/24 15:27:50 node.go:245: Placing bid: 1776, NodeID: A
INFO: 2024/11/24 15:27:54 node.go:245: Placing bid: 1861, NodeID: B
INFO: 2024/11/24 15:27:54 node.go:245: Placing bid: 1937, NodeID: A
INFO: 2024/11/24 15:27:58 node.go:245: Placing bid: 1976, NodeID: B
INFO: 2024/11/24 15:27:58 node.go:245: Placing bid: 1998, NodeID: A
INFO: 2024/11/24 15:28:02 node.go:245: Placing bid: 2058, NodeID: B
INFO: 2024/11/24 15:28:02 node.go:245: Placing bid: 2110, NodeID: A
INFO: 2024/11/24 15:28:06 node.go:245: Placing bid: 2208, NodeID: B
INFO: 2024/11/24 15:28:06 node.go:245: Placing bid: 2269, NodeID: A
INFO: 2024/11/24 15:28:10 node.go:245: Placing bid: 2331, NodeID: B
INFO: 2024/11/24 15:28:10 node.go:245: Placing bid: 2374, NodeID: A
INFO: 2024/11/24 15:28:14 node.go:245: Placing bid: 2460, NodeID: B
INFO: 2024/11/24 15:28:14 node.go:245: Placing bid: 2491, NodeID: A
INFO: 2024/11/24 15:28:18 node.go:245: Placing bid: 2551, NodeID: B
INFO: 2024/11/24 15:28:19 node.go:245: Placing bid: 2562, NodeID: A
INFO: 2024/11/24 15:28:22 node.go:245: Placing bid: 2577, NodeID: B
INFO: 2024/11/24 15:28:23 node.go:245: Placing bid: 2579, NodeID: A
INFO: 2024/11/24 15:28:26 node.go:245: Placing bid: 2602, NodeID: B
INFO: 2024/11/24 15:28:27 node.go:245: Placing bid: 2699, NodeID: A
INFO: 2024/11/24 15:28:30 node.go:245: Placing bid: 2741, NodeID: B
INFO: 2024/11/24 15:28:31 node.go:245: Placing bid: 2812, NodeID: A
INFO: 2024/11/24 15:28:34 node.go:245: Placing bid: 2840, NodeID: B
INFO: 2024/11/24 15:28:35 node.go:245: Placing bid: 2873, NodeID: A
INFO: 2024/11/24 15:28:38 node.go:245: Placing bid: 2969, NodeID: B
INFO: 2024/11/24 15:28:39 node.go:245: Placing bid: 3048, NodeID: A
INFO: 2024/11/24 15:28:42 node.go:245: Placing bid: 3136, NodeID: B
INFO: 2024/11/24 15:28:43 node.go:245: Placing bid: 3146, NodeID: A
INFO: 2024/11/24 15:28:58 serverReplica.go:159: No bids received in the last 15 seconds.
INFO: 2024/11/24 15:28:58 node.go:106: The winner bid is :
INFO: 2024/11/24 15:28:58 node.go:107: 3146
INFO: 2024/11/24 15:28:59 node.go:106: The winner bid is :
INFO: 2024/11/24 15:28:59 node.go:107: 3146
